Arguments: 
  C:\Program Files\nodejs\node.exe C:\Program Files (x86)\Yarn\bin\yarn.js add ts-code --dev

PATH: 
  C:\Program Files\Git\mingw64\bin;C:\Program Files\Git\usr\bin;C:\Users\zhengyan\bin;C:\Program Files\Git\mingw64\bin;C:\Program Files\Git\usr\bin;C:\Users\zhengyan\bin;C:\Program Files\Java\jdk1.8.0_191\bin;C:\Windows\system32;C:\Windows;C:\Windows\System32\Wbem;C:\Windows\System32\WindowsPowerShell\v1.0;C:\Program Files\Microsoft VS Code\bin;C:\Program Files\Git\cmd;C:\Windows\System32\OpenSSH;C:\Users\zhengyan\AppData\Roaming\nvm;C:\Program Files\nodejs;C:\Program Files\PuTTY;C:\Program Files\nodejs;C:\Program Files (x86)\Yarn\bin;C:\Program Files\apache-maven-3.6.0\bin;C:\Users\zhengyan\AppData\Local\Microsoft\WindowsApps;C:\Users\zhengyan\AppData\Roaming\nvm;C:\Program Files\nodejs;C:\Users\zhengyan\AppData\Local\Programs\Fiddler;C:\Users\zhengyan\AppData\Roaming\npm;C:\Users\zhengyan\AppData\Local\Yarn\bin;C:\Users\zhengyan\.babun;C:\Program Files\Microsoft VS Code\bin

Yarn version: 
  1.12.1

Node version: 
  8.11.4

Platform: 
  win32 x64

Trace: 
  Error: https://registry.npm.taobao.org/ts-code: Not found
      at Request.params.callback [as _callback] (C:\Program Files (x86)\Yarn\lib\cli.js:62248:18)
      at Request.self.callback (C:\Program Files (x86)\Yarn\lib\cli.js:124547:22)
      at emitTwo (events.js:126:13)
      at Request.emit (events.js:214:7)
      at Request.<anonymous> (C:\Program Files (x86)\Yarn\lib\cli.js:125519:10)
      at emitOne (events.js:116:13)
      at Request.emit (events.js:211:7)
      at IncomingMessage.<anonymous> (C:\Program Files (x86)\Yarn\lib\cli.js:125441:12)
      at Object.onceWrapper (events.js:313:30)
      at emitNone (events.js:111:20)

npm manifest: 
  {
    "name": "TypeScript-Learning",
    "version": "1.0.0",
    "description": "",
    "main": "index.js",
    "scripts": {
      "test": "echo \"Error: no test specified\" && exit 1",
      "build": "tsc"
    },
    "repository": {
      "type": "git",
      "url": "git+https://github.com/finch001/TypeScript-Learning.git"
    },
    "keywords": [],
    "author": "",
    "license": "ISC",
    "bugs": {
      "url": "https://github.com/finch001/TypeScript-Learning/issues"
    },
    "homepage": "https://github.com/finch001/TypeScript-Learning#readme",
    "dependencies": {},
    "devDependencies": {
      "typescript": "^3.1.6"
    }
  }

yarn manifest: 
  No manifest

Lockfile: 
  # THIS IS AN AUTOGENERATED FILE. DO NOT EDIT THIS FILE DIRECTLY.
  # yarn lockfile v1
  
  
  typescript@^3.1.6:
    version "3.1.6"
    resolved "http://registry.npm.taobao.org/typescript/download/typescript-3.1.6.tgz#b6543a83cfc8c2befb3f4c8fba6896f5b0c9be68"
    integrity sha1-tlQ6g8/Iwr77P0yPumiW9bDJvmg=
